c:\users\negri\gitspace\zombiegame2\zombiegame2\x64\debug\vc143.pdb
c:\users\negri\gitspace\zombiegame2\zombiegame2\x64\debug\vc143.idb
c:\users\negri\gitspace\zombiegame2\zombiegame2\x64\debug\zombie.obj
c:\users\negri\gitspace\zombiegame2\zombiegame2\x64\debug\player.obj
c:\users\negri\gitspace\zombiegame2\zombiegame2\x64\debug\level.obj
c:\users\negri\gitspace\zombiegame2\zombiegame2\x64\debug\human.obj
c:\users\negri\gitspace\zombiegame2\zombiegame2\x64\debug\agent.obj
c:\users\negri\gitspace\zombiegame2\zombiegame2\x64\debug\maingame.obj
c:\users\negri\gitspace\zombiegame2\zombiegame2\x64\debug\main.obj
c:\users\negri\gitspace\zombiegame2\x64\debug\zombiegame2.exe
c:\users\negri\gitspace\zombiegame2\zombiegame2\x64\debug\zombiegame2.ilk
c:\users\negri\gitspace\zombiegame2\x64\debug\zombiegame2.pdb
c:\users\negri\gitspace\zombiegame2\zombiegame2\x64\debug\mian.obj
c:\users\negri\gitspace\zombiegame2\zombiegame2\x64\debug\zombiegame2.tlog\cl.command.1.tlog
c:\users\negri\gitspace\zombiegame2\zombiegame2\x64\debug\zombiegame2.tlog\cl.items.tlog
c:\users\negri\gitspace\zombiegame2\zombiegame2\x64\debug\zombiegame2.tlog\cl.read.1.tlog
c:\users\negri\gitspace\zombiegame2\zombiegame2\x64\debug\zombiegame2.tlog\cl.write.1.tlog
c:\users\negri\gitspace\zombiegame2\zombiegame2\x64\debug\zombiegame2.tlog\link.command.1.tlog
c:\users\negri\gitspace\zombiegame2\zombiegame2\x64\debug\zombiegame2.tlog\link.read.1.tlog
c:\users\negri\gitspace\zombiegame2\zombiegame2\x64\debug\zombiegame2.tlog\link.write.1.tlog
